{"D:\\learn\\Hexlet\\frontend-project-46\\src\\index.js": {"path":"D:\\learn\\Hexlet\\frontend-project-46\\src\\index.js","all":false,"statementMap":{"0":{"start":{"line":1,"column":0},"end":{"line":1,"column":33}},"1":{"start":{"line":2,"column":0},"end":{"line":2,"column":29}},"2":{"start":{"line":3,"column":0},"end":{"line":3,"column":41}},"3":{"start":{"line":4,"column":0},"end":{"line":4,"column":47}},"4":{"start":{"line":5,"column":0},"end":{"line":5,"column":49}},"5":{"start":{"line":6,"column":0},"end":{"line":6,"column":0}},"6":{"start":{"line":7,"column":0},"end":{"line":7,"column":69}},"7":{"start":{"line":8,"column":0},"end":{"line":8,"column":27}},"8":{"start":{"line":9,"column":0},"end":{"line":9,"column":47}},"9":{"start":{"line":10,"column":0},"end":{"line":10,"column":47}},"10":{"start":{"line":11,"column":0},"end":{"line":11,"column":89}},"11":{"start":{"line":12,"column":0},"end":{"line":12,"column":89}},"12":{"start":{"line":13,"column":0},"end":{"line":13,"column":58}},"13":{"start":{"line":14,"column":0},"end":{"line":14,"column":46}},"14":{"start":{"line":15,"column":0},"end":{"line":15,"column":1}},"15":{"start":{"line":16,"column":0},"end":{"line":16,"column":0}},"16":{"start":{"line":17,"column":0},"end":{"line":17,"column":22}}},"s":{"0":1,"1":1,"2":1,"3":1,"4":1,"5":1,"6":1,"7":10,"8":10,"9":10,"10":10,"11":10,"12":10,"13":10,"14":10,"15":1,"16":1},"branchMap":{"0":{"type":"branch","line":7,"loc":{"start":{"line":7,"column":16},"end":{"line":15,"column":1}},"locations":[{"start":{"line":7,"column":16},"end":{"line":15,"column":1}}]}},"b":{"0":[10]},"fnMap":{"0":{"name":"genDiff","decl":{"start":{"line":7,"column":16},"end":{"line":15,"column":1}},"loc":{"start":{"line":7,"column":16},"end":{"line":15,"column":1}},"line":7}},"f":{"0":10}}
,"D:\\learn\\Hexlet\\frontend-project-46\\src\\assets\\constants.js": {"path":"D:\\learn\\Hexlet\\frontend-project-46\\src\\assets\\constants.js","all":false,"statementMap":{"0":{"start":{"line":1,"column":0},"end":{"line":1,"column":29}},"1":{"start":{"line":2,"column":0},"end":{"line":2,"column":31}}},"s":{"0":1,"1":1},"branchMap":{},"b":{},"fnMap":{},"f":{}}
,"D:\\learn\\Hexlet\\frontend-project-46\\src\\assets\\createTree.js": {"path":"D:\\learn\\Hexlet\\frontend-project-46\\src\\assets\\createTree.js","all":false,"statementMap":{"0":{"start":{"line":1,"column":0},"end":{"line":1,"column":23}},"1":{"start":{"line":2,"column":0},"end":{"line":2,"column":0}},"2":{"start":{"line":3,"column":0},"end":{"line":3,"column":38}},"3":{"start":{"line":4,"column":0},"end":{"line":4,"column":61}},"4":{"start":{"line":5,"column":0},"end":{"line":5,"column":0}},"5":{"start":{"line":6,"column":0},"end":{"line":6,"column":34}},"6":{"start":{"line":7,"column":0},"end":{"line":7,"column":30}},"7":{"start":{"line":8,"column":0},"end":{"line":8,"column":30}},"8":{"start":{"line":9,"column":0},"end":{"line":9,"column":0}},"9":{"start":{"line":10,"column":0},"end":{"line":10,"column":73}},"10":{"start":{"line":11,"column":0},"end":{"line":11,"column":73}},"11":{"start":{"line":12,"column":0},"end":{"line":12,"column":37}},"12":{"start":{"line":13,"column":0},"end":{"line":13,"column":91}},"13":{"start":{"line":14,"column":0},"end":{"line":14,"column":76}},"14":{"start":{"line":15,"column":0},"end":{"line":15,"column":7}},"15":{"start":{"line":16,"column":0},"end":{"line":16,"column":14}},"16":{"start":{"line":17,"column":0},"end":{"line":17,"column":12}},"17":{"start":{"line":18,"column":0},"end":{"line":18,"column":22}},"18":{"start":{"line":19,"column":0},"end":{"line":19,"column":29}},"19":{"start":{"line":20,"column":0},"end":{"line":20,"column":26}},"20":{"start":{"line":21,"column":0},"end":{"line":21,"column":8}},"21":{"start":{"line":22,"column":0},"end":{"line":22,"column":5}},"22":{"start":{"line":23,"column":0},"end":{"line":23,"column":55}},"23":{"start":{"line":24,"column":0},"end":{"line":24,"column":5}},"24":{"start":{"line":25,"column":0},"end":{"line":25,"column":0}},"25":{"start":{"line":26,"column":0},"end":{"line":26,"column":14}},"26":{"start":{"line":27,"column":0},"end":{"line":27,"column":2}},"27":{"start":{"line":28,"column":0},"end":{"line":28,"column":0}},"28":{"start":{"line":29,"column":0},"end":{"line":29,"column":26}}},"s":{"0":1,"1":1,"2":1,"3":45,"4":45,"5":45,"6":162,"7":162,"8":162,"9":162,"10":162,"11":162,"12":72,"13":36,"14":36,"15":36,"16":36,"17":36,"18":36,"19":36,"20":36,"21":36,"22":27,"23":45,"24":45,"25":45,"26":45,"27":1,"28":1},"branchMap":{"0":{"type":"branch","line":3,"loc":{"start":{"line":3,"column":19},"end":{"line":27,"column":2}},"locations":[{"start":{"line":3,"column":19},"end":{"line":27,"column":2}}]},"1":{"type":"branch","line":6,"loc":{"start":{"line":6,"column":25},"end":{"line":24,"column":3}},"locations":[{"start":{"line":6,"column":25},"end":{"line":24,"column":3}}]},"2":{"type":"branch","line":10,"loc":{"start":{"line":10,"column":28},"end":{"line":10,"column":73}},"locations":[{"start":{"line":10,"column":28},"end":{"line":10,"column":73}}]},"3":{"type":"branch","line":10,"loc":{"start":{"line":10,"column":72},"end":{"line":11,"column":28}},"locations":[{"start":{"line":10,"column":72},"end":{"line":11,"column":28}}]},"4":{"type":"branch","line":11,"loc":{"start":{"line":11,"column":28},"end":{"line":11,"column":73}},"locations":[{"start":{"line":11,"column":28},"end":{"line":11,"column":73}}]},"5":{"type":"branch","line":11,"loc":{"start":{"line":11,"column":72},"end":{"line":12,"column":36}},"locations":[{"start":{"line":11,"column":72},"end":{"line":12,"column":36}}]},"6":{"type":"branch","line":12,"loc":{"start":{"line":12,"column":36},"end":{"line":22,"column":5}},"locations":[{"start":{"line":12,"column":36},"end":{"line":22,"column":5}}]},"7":{"type":"branch","line":13,"loc":{"start":{"line":13,"column":28},"end":{"line":13,"column":47}},"locations":[{"start":{"line":13,"column":28},"end":{"line":13,"column":47}}]},"8":{"type":"branch","line":13,"loc":{"start":{"line":13,"column":47},"end":{"line":13,"column":69}},"locations":[{"start":{"line":13,"column":47},"end":{"line":13,"column":69}}]},"9":{"type":"branch","line":13,"loc":{"start":{"line":13,"column":69},"end":{"line":13,"column":88}},"locations":[{"start":{"line":13,"column":69},"end":{"line":13,"column":88}}]},"10":{"type":"branch","line":13,"loc":{"start":{"line":13,"column":90},"end":{"line":22,"column":5}},"locations":[{"start":{"line":13,"column":90},"end":{"line":22,"column":5}}]},"11":{"type":"branch","line":22,"loc":{"start":{"line":22,"column":4},"end":{"line":24,"column":3}},"locations":[{"start":{"line":22,"column":4},"end":{"line":24,"column":3}}]}},"b":{"0":[45],"1":[162],"2":[45],"3":[117],"4":[18],"5":[99],"6":[72],"7":[45],"8":[45],"9":[36],"10":[36],"11":[27]},"fnMap":{"0":{"name":"createTree","decl":{"start":{"line":3,"column":19},"end":{"line":27,"column":2}},"loc":{"start":{"line":3,"column":19},"end":{"line":27,"column":2}},"line":3}},"f":{"0":45}}
,"D:\\learn\\Hexlet\\frontend-project-46\\src\\assets\\parsers.js": {"path":"D:\\learn\\Hexlet\\frontend-project-46\\src\\assets\\parsers.js","all":false,"statementMap":{"0":{"start":{"line":1,"column":0},"end":{"line":1,"column":26}},"1":{"start":{"line":2,"column":0},"end":{"line":2,"column":0}},"2":{"start":{"line":3,"column":0},"end":{"line":3,"column":23}},"3":{"start":{"line":4,"column":0},"end":{"line":4,"column":22}},"4":{"start":{"line":5,"column":0},"end":{"line":5,"column":21}},"5":{"start":{"line":6,"column":0},"end":{"line":6,"column":20}},"6":{"start":{"line":7,"column":0},"end":{"line":7,"column":1}},"7":{"start":{"line":8,"column":0},"end":{"line":8,"column":0}},"8":{"start":{"line":9,"column":0},"end":{"line":9,"column":35}},"9":{"start":{"line":10,"column":0},"end":{"line":10,"column":38}},"10":{"start":{"line":11,"column":0},"end":{"line":11,"column":16}},"11":{"start":{"line":12,"column":0},"end":{"line":12,"column":52}},"12":{"start":{"line":13,"column":0},"end":{"line":13,"column":3}},"13":{"start":{"line":14,"column":0},"end":{"line":14,"column":21}},"14":{"start":{"line":15,"column":0},"end":{"line":15,"column":1}},"15":{"start":{"line":16,"column":0},"end":{"line":16,"column":0}},"16":{"start":{"line":17,"column":0},"end":{"line":17,"column":22}}},"s":{"0":1,"1":1,"2":1,"3":1,"4":1,"5":1,"6":1,"7":1,"8":1,"9":19,"10":19,"11":1,"12":1,"13":18,"14":18,"15":1,"16":1},"branchMap":{"0":{"type":"branch","line":9,"loc":{"start":{"line":9,"column":16},"end":{"line":15,"column":1}},"locations":[{"start":{"line":9,"column":16},"end":{"line":15,"column":1}}]},"1":{"type":"branch","line":11,"loc":{"start":{"line":11,"column":15},"end":{"line":13,"column":3}},"locations":[{"start":{"line":11,"column":15},"end":{"line":13,"column":3}}]},"2":{"type":"branch","line":13,"loc":{"start":{"line":13,"column":2},"end":{"line":15,"column":1}},"locations":[{"start":{"line":13,"column":2},"end":{"line":15,"column":1}}]}},"b":{"0":[19],"1":[1],"2":[18]},"fnMap":{"0":{"name":"parsers","decl":{"start":{"line":9,"column":16},"end":{"line":15,"column":1}},"loc":{"start":{"line":9,"column":16},"end":{"line":15,"column":1}},"line":9}},"f":{"0":19}}
,"D:\\learn\\Hexlet\\frontend-project-46\\src\\formatters\\index.js.js": {"path":"D:\\learn\\Hexlet\\frontend-project-46\\src\\formatters\\index.js.js","all":false,"statementMap":{"0":{"start":{"line":1,"column":0},"end":{"line":1,"column":29}},"1":{"start":{"line":2,"column":0},"end":{"line":2,"column":31}},"2":{"start":{"line":3,"column":0},"end":{"line":3,"column":35}},"3":{"start":{"line":4,"column":0},"end":{"line":4,"column":0}},"4":{"start":{"line":5,"column":0},"end":{"line":5,"column":49}},"5":{"start":{"line":6,"column":0},"end":{"line":6,"column":19}},"6":{"start":{"line":7,"column":0},"end":{"line":7,"column":19}},"7":{"start":{"line":8,"column":0},"end":{"line":8,"column":27}},"8":{"start":{"line":9,"column":0},"end":{"line":9,"column":17}},"9":{"start":{"line":10,"column":0},"end":{"line":10,"column":25}},"10":{"start":{"line":11,"column":0},"end":{"line":11,"column":16}},"11":{"start":{"line":12,"column":0},"end":{"line":12,"column":24}},"12":{"start":{"line":13,"column":0},"end":{"line":13,"column":12}},"13":{"start":{"line":14,"column":0},"end":{"line":14,"column":52}},"14":{"start":{"line":15,"column":0},"end":{"line":15,"column":3}},"15":{"start":{"line":16,"column":0},"end":{"line":16,"column":2}},"16":{"start":{"line":17,"column":0},"end":{"line":17,"column":0}},"17":{"start":{"line":18,"column":0},"end":{"line":18,"column":25}}},"s":{"0":1,"1":1,"2":1,"3":1,"4":1,"5":9,"6":9,"7":4,"8":9,"9":2,"10":9,"11":2,"12":9,"13":1,"14":9,"15":9,"16":1,"17":1},"branchMap":{"0":{"type":"branch","line":5,"loc":{"start":{"line":5,"column":18},"end":{"line":16,"column":2}},"locations":[{"start":{"line":5,"column":18},"end":{"line":16,"column":2}}]},"1":{"type":"branch","line":7,"loc":{"start":{"line":7,"column":4},"end":{"line":8,"column":27}},"locations":[{"start":{"line":7,"column":4},"end":{"line":8,"column":27}}]},"2":{"type":"branch","line":9,"loc":{"start":{"line":9,"column":4},"end":{"line":10,"column":25}},"locations":[{"start":{"line":9,"column":4},"end":{"line":10,"column":25}}]},"3":{"type":"branch","line":11,"loc":{"start":{"line":11,"column":4},"end":{"line":12,"column":24}},"locations":[{"start":{"line":11,"column":4},"end":{"line":12,"column":24}}]},"4":{"type":"branch","line":13,"loc":{"start":{"line":13,"column":4},"end":{"line":14,"column":52}},"locations":[{"start":{"line":13,"column":4},"end":{"line":14,"column":52}}]}},"b":{"0":[9],"1":[4],"2":[2],"3":[2],"4":[1]},"fnMap":{"0":{"name":"formatter","decl":{"start":{"line":5,"column":18},"end":{"line":16,"column":2}},"loc":{"start":{"line":5,"column":18},"end":{"line":16,"column":2}},"line":5}},"f":{"0":9}}
,"D:\\learn\\Hexlet\\frontend-project-46\\src\\formatters\\json.js": {"path":"D:\\learn\\Hexlet\\frontend-project-46\\src\\formatters\\json.js","all":false,"statementMap":{"0":{"start":{"line":1,"column":0},"end":{"line":1,"column":44}},"1":{"start":{"line":2,"column":0},"end":{"line":2,"column":0}},"2":{"start":{"line":3,"column":0},"end":{"line":3,"column":20}}},"s":{"0":1,"1":1,"2":1},"branchMap":{"0":{"type":"branch","line":1,"loc":{"start":{"line":1,"column":14},"end":{"line":1,"column":43}},"locations":[{"start":{"line":1,"column":14},"end":{"line":1,"column":43}}]}},"b":{"0":[2]},"fnMap":{"0":{"name":"json","decl":{"start":{"line":1,"column":14},"end":{"line":1,"column":43}},"loc":{"start":{"line":1,"column":14},"end":{"line":1,"column":43}},"line":1}},"f":{"0":2}}
,"D:\\learn\\Hexlet\\frontend-project-46\\src\\formatters\\plain.js": {"path":"D:\\learn\\Hexlet\\frontend-project-46\\src\\formatters\\plain.js","all":false,"statementMap":{"0":{"start":{"line":1,"column":0},"end":{"line":1,"column":23}},"1":{"start":{"line":2,"column":0},"end":{"line":2,"column":0}},"2":{"start":{"line":3,"column":0},"end":{"line":3,"column":28}},"3":{"start":{"line":4,"column":0},"end":{"line":4,"column":25}},"4":{"start":{"line":5,"column":0},"end":{"line":5,"column":29}},"5":{"start":{"line":6,"column":0},"end":{"line":6,"column":3}},"6":{"start":{"line":7,"column":0},"end":{"line":7,"column":47}},"7":{"start":{"line":8,"column":0},"end":{"line":8,"column":2}},"8":{"start":{"line":9,"column":0},"end":{"line":9,"column":0}},"9":{"start":{"line":10,"column":0},"end":{"line":10,"column":54}},"10":{"start":{"line":11,"column":0},"end":{"line":11,"column":0}},"11":{"start":{"line":12,"column":0},"end":{"line":12,"column":36}},"12":{"start":{"line":13,"column":0},"end":{"line":13,"column":31}},"13":{"start":{"line":14,"column":0},"end":{"line":14,"column":37}},"14":{"start":{"line":15,"column":0},"end":{"line":15,"column":9}},"15":{"start":{"line":16,"column":0},"end":{"line":16,"column":54}},"16":{"start":{"line":17,"column":0},"end":{"line":17,"column":0}},"17":{"start":{"line":18,"column":0},"end":{"line":18,"column":22}},"18":{"start":{"line":19,"column":0},"end":{"line":19,"column":46}},"19":{"start":{"line":20,"column":0},"end":{"line":20,"column":62}},"20":{"start":{"line":21,"column":0},"end":{"line":21,"column":91}},"21":{"start":{"line":22,"column":0},"end":{"line":22,"column":104}},"22":{"start":{"line":23,"column":0},"end":{"line":23,"column":21}},"23":{"start":{"line":24,"column":0},"end":{"line":24,"column":10}},"24":{"start":{"line":25,"column":0},"end":{"line":25,"column":6}},"25":{"start":{"line":26,"column":0},"end":{"line":26,"column":0}},"26":{"start":{"line":27,"column":0},"end":{"line":27,"column":32}},"27":{"start":{"line":28,"column":0},"end":{"line":28,"column":5}},"28":{"start":{"line":29,"column":0},"end":{"line":29,"column":0}},"29":{"start":{"line":30,"column":0},"end":{"line":30,"column":42}},"30":{"start":{"line":31,"column":0},"end":{"line":31,"column":2}},"31":{"start":{"line":32,"column":0},"end":{"line":32,"column":0}},"32":{"start":{"line":33,"column":0},"end":{"line":33,"column":21}}},"s":{"0":1,"1":1,"2":1,"3":26,"4":6,"5":6,"6":26,"7":26,"8":1,"9":1,"10":1,"11":1,"12":10,"13":36,"14":36,"15":36,"16":36,"17":36,"18":36,"19":36,"20":36,"21":36,"22":8,"23":8,"24":36,"25":36,"26":36,"27":10,"28":10,"29":10,"30":10,"31":1,"32":1},"branchMap":{"0":{"type":"branch","line":3,"loc":{"start":{"line":3,"column":18},"end":{"line":8,"column":2}},"locations":[{"start":{"line":3,"column":18},"end":{"line":8,"column":2}}]},"1":{"type":"branch","line":4,"loc":{"start":{"line":4,"column":24},"end":{"line":6,"column":3}},"locations":[{"start":{"line":4,"column":24},"end":{"line":6,"column":3}}]},"2":{"type":"branch","line":6,"loc":{"start":{"line":6,"column":2},"end":{"line":7,"column":29}},"locations":[{"start":{"line":6,"column":2},"end":{"line":7,"column":29}}]},"3":{"type":"branch","line":7,"loc":{"start":{"line":7,"column":25},"end":{"line":7,"column":39}},"locations":[{"start":{"line":7,"column":25},"end":{"line":7,"column":39}}]},"4":{"type":"branch","line":7,"loc":{"start":{"line":7,"column":39},"end":{"line":7,"column":46}},"locations":[{"start":{"line":7,"column":39},"end":{"line":7,"column":46}}]},"5":{"type":"branch","line":10,"loc":{"start":{"line":10,"column":24},"end":{"line":10,"column":53}},"locations":[{"start":{"line":10,"column":24},"end":{"line":10,"column":53}}]},"6":{"type":"branch","line":12,"loc":{"start":{"line":12,"column":14},"end":{"line":31,"column":2}},"locations":[{"start":{"line":12,"column":14},"end":{"line":31,"column":2}}]},"7":{"type":"branch","line":13,"loc":{"start":{"line":13,"column":29},"end":{"line":28,"column":3}},"locations":[{"start":{"line":13,"column":29},"end":{"line":28,"column":3}}]},"8":{"type":"branch","line":16,"loc":{"start":{"line":16,"column":28},"end":{"line":16,"column":47}},"locations":[{"start":{"line":16,"column":28},"end":{"line":16,"column":47}}]},"9":{"type":"branch","line":16,"loc":{"start":{"line":16,"column":47},"end":{"line":16,"column":53}},"locations":[{"start":{"line":16,"column":47},"end":{"line":16,"column":53}}]},"10":{"type":"branch","line":27,"loc":{"start":{"line":27,"column":27},"end":{"line":27,"column":31}},"locations":[{"start":{"line":27,"column":27},"end":{"line":27,"column":31}}]},"11":{"type":"branch","line":19,"loc":{"start":{"line":19,"column":14},"end":{"line":19,"column":45}},"locations":[{"start":{"line":19,"column":14},"end":{"line":19,"column":45}}]},"12":{"type":"branch","line":20,"loc":{"start":{"line":20,"column":11},"end":{"line":20,"column":61}},"locations":[{"start":{"line":20,"column":11},"end":{"line":20,"column":61}}]},"13":{"type":"branch","line":21,"loc":{"start":{"line":21,"column":11},"end":{"line":21,"column":90}},"locations":[{"start":{"line":21,"column":11},"end":{"line":21,"column":90}}]},"14":{"type":"branch","line":22,"loc":{"start":{"line":22,"column":15},"end":{"line":24,"column":10}},"locations":[{"start":{"line":22,"column":15},"end":{"line":24,"column":10}}]}},"b":{"0":[26],"1":[6],"2":[20],"3":[14],"4":[6],"5":[22],"6":[10],"7":[36],"8":[28],"9":[8],"10":[30],"11":[8],"12":[4],"13":[10],"14":[8]},"fnMap":{"0":{"name":"toString","decl":{"start":{"line":3,"column":18},"end":{"line":8,"column":2}},"loc":{"start":{"line":3,"column":18},"end":{"line":8,"column":2}},"line":3},"1":{"name":"formatProperty","decl":{"start":{"line":10,"column":24},"end":{"line":10,"column":53}},"loc":{"start":{"line":10,"column":24},"end":{"line":10,"column":53}},"line":10},"2":{"name":"plain","decl":{"start":{"line":12,"column":14},"end":{"line":31,"column":2}},"loc":{"start":{"line":12,"column":14},"end":{"line":31,"column":2}},"line":12},"3":{"name":"nested","decl":{"start":{"line":19,"column":14},"end":{"line":19,"column":45}},"loc":{"start":{"line":19,"column":14},"end":{"line":19,"column":45}},"line":19},"4":{"name":"del","decl":{"start":{"line":20,"column":11},"end":{"line":20,"column":61}},"loc":{"start":{"line":20,"column":11},"end":{"line":20,"column":61}},"line":20},"5":{"name":"add","decl":{"start":{"line":21,"column":11},"end":{"line":21,"column":90}},"loc":{"start":{"line":21,"column":11},"end":{"line":21,"column":90}},"line":21},"6":{"name":"changed","decl":{"start":{"line":22,"column":15},"end":{"line":24,"column":10}},"loc":{"start":{"line":22,"column":15},"end":{"line":24,"column":10}},"line":22}},"f":{"0":26,"1":22,"2":10,"3":8,"4":4,"5":10,"6":8}}
,"D:\\learn\\Hexlet\\frontend-project-46\\src\\formatters\\stylish.js": {"path":"D:\\learn\\Hexlet\\frontend-project-46\\src\\formatters\\stylish.js","all":false,"statementMap":{"0":{"start":{"line":1,"column":0},"end":{"line":1,"column":23}},"1":{"start":{"line":2,"column":0},"end":{"line":2,"column":66}},"2":{"start":{"line":3,"column":0},"end":{"line":3,"column":0}},"3":{"start":{"line":4,"column":0},"end":{"line":4,"column":36}},"4":{"start":{"line":5,"column":0},"end":{"line":5,"column":59}},"5":{"start":{"line":6,"column":0},"end":{"line":6,"column":29}},"6":{"start":{"line":7,"column":0},"end":{"line":7,"column":24}},"7":{"start":{"line":8,"column":0},"end":{"line":8,"column":5}},"8":{"start":{"line":9,"column":0},"end":{"line":9,"column":0}},"9":{"start":{"line":10,"column":0},"end":{"line":10,"column":50}},"10":{"start":{"line":11,"column":0},"end":{"line":11,"column":57}},"11":{"start":{"line":12,"column":0},"end":{"line":12,"column":71}},"12":{"start":{"line":13,"column":0},"end":{"line":13,"column":0}},"13":{"start":{"line":14,"column":0},"end":{"line":14,"column":44}},"14":{"start":{"line":15,"column":0},"end":{"line":15,"column":97}},"15":{"start":{"line":16,"column":0},"end":{"line":16,"column":6}},"16":{"start":{"line":17,"column":0},"end":{"line":17,"column":55}},"17":{"start":{"line":18,"column":0},"end":{"line":18,"column":4}},"18":{"start":{"line":19,"column":0},"end":{"line":19,"column":0}},"19":{"start":{"line":20,"column":0},"end":{"line":20,"column":45}},"20":{"start":{"line":21,"column":0},"end":{"line":21,"column":2}},"21":{"start":{"line":22,"column":0},"end":{"line":22,"column":0}},"22":{"start":{"line":23,"column":0},"end":{"line":23,"column":27}},"23":{"start":{"line":24,"column":0},"end":{"line":24,"column":58}},"24":{"start":{"line":25,"column":0},"end":{"line":25,"column":44}},"25":{"start":{"line":26,"column":0},"end":{"line":26,"column":62}},"26":{"start":{"line":27,"column":0},"end":{"line":27,"column":72}},"27":{"start":{"line":28,"column":0},"end":{"line":28,"column":0}},"28":{"start":{"line":29,"column":0},"end":{"line":29,"column":24}},"29":{"start":{"line":30,"column":0},"end":{"line":30,"column":86}},"30":{"start":{"line":31,"column":0},"end":{"line":31,"column":86}},"31":{"start":{"line":32,"column":0},"end":{"line":32,"column":84}},"32":{"start":{"line":33,"column":0},"end":{"line":33,"column":14}},"33":{"start":{"line":34,"column":0},"end":{"line":34,"column":18}},"34":{"start":{"line":35,"column":0},"end":{"line":35,"column":75}},"35":{"start":{"line":36,"column":0},"end":{"line":36,"column":101}},"36":{"start":{"line":37,"column":0},"end":{"line":37,"column":68}},"37":{"start":{"line":38,"column":0},"end":{"line":38,"column":6}},"38":{"start":{"line":39,"column":0},"end":{"line":39,"column":0}},"39":{"start":{"line":40,"column":0},"end":{"line":40,"column":38}},"40":{"start":{"line":41,"column":0},"end":{"line":41,"column":39}},"41":{"start":{"line":42,"column":0},"end":{"line":42,"column":11}},"42":{"start":{"line":43,"column":0},"end":{"line":43,"column":65}},"43":{"start":{"line":44,"column":0},"end":{"line":44,"column":49}},"44":{"start":{"line":45,"column":0},"end":{"line":45,"column":7}},"45":{"start":{"line":46,"column":0},"end":{"line":46,"column":0}},"46":{"start":{"line":47,"column":0},"end":{"line":47,"column":56}},"47":{"start":{"line":48,"column":0},"end":{"line":48,"column":4}},"48":{"start":{"line":49,"column":0},"end":{"line":49,"column":0}},"49":{"start":{"line":50,"column":0},"end":{"line":50,"column":40}},"50":{"start":{"line":51,"column":0},"end":{"line":51,"column":2}},"51":{"start":{"line":52,"column":0},"end":{"line":52,"column":0}},"52":{"start":{"line":53,"column":0},"end":{"line":53,"column":23}}},"s":{"0":1,"1":1,"2":1,"3":1,"4":60,"5":96,"6":68,"7":68,"8":28,"9":28,"10":28,"11":28,"12":28,"13":28,"14":28,"15":28,"16":28,"17":60,"18":60,"19":60,"20":60,"21":1,"22":1,"23":4,"24":20,"25":20,"26":20,"27":20,"28":20,"29":20,"30":20,"31":20,"32":16,"33":16,"34":20,"35":20,"36":20,"37":20,"38":20,"39":20,"40":72,"41":72,"42":72,"43":72,"44":20,"45":20,"46":20,"47":4,"48":4,"49":4,"50":4,"51":1,"52":1},"branchMap":{"0":{"type":"branch","line":4,"loc":{"start":{"line":4,"column":18},"end":{"line":21,"column":2}},"locations":[{"start":{"line":4,"column":18},"end":{"line":21,"column":2}}]},"1":{"type":"branch","line":5,"loc":{"start":{"line":5,"column":33},"end":{"line":18,"column":3}},"locations":[{"start":{"line":5,"column":33},"end":{"line":18,"column":3}}]},"2":{"type":"branch","line":6,"loc":{"start":{"line":6,"column":28},"end":{"line":8,"column":5}},"locations":[{"start":{"line":6,"column":28},"end":{"line":8,"column":5}}]},"3":{"type":"branch","line":8,"loc":{"start":{"line":8,"column":4},"end":{"line":18,"column":3}},"locations":[{"start":{"line":8,"column":4},"end":{"line":18,"column":3}}]},"4":{"type":"branch","line":15,"loc":{"start":{"line":15,"column":6},"end":{"line":15,"column":97}},"locations":[{"start":{"line":15,"column":6},"end":{"line":15,"column":97}}]},"5":{"type":"branch","line":23,"loc":{"start":{"line":23,"column":17},"end":{"line":51,"column":2}},"locations":[{"start":{"line":23,"column":17},"end":{"line":51,"column":2}}]},"6":{"type":"branch","line":24,"loc":{"start":{"line":24,"column":32},"end":{"line":48,"column":3}},"locations":[{"start":{"line":24,"column":32},"end":{"line":48,"column":3}}]},"7":{"type":"branch","line":30,"loc":{"start":{"line":30,"column":11},"end":{"line":30,"column":85}},"locations":[{"start":{"line":30,"column":11},"end":{"line":30,"column":85}}]},"8":{"type":"branch","line":31,"loc":{"start":{"line":31,"column":11},"end":{"line":31,"column":85}},"locations":[{"start":{"line":31,"column":11},"end":{"line":31,"column":85}}]},"9":{"type":"branch","line":32,"loc":{"start":{"line":32,"column":15},"end":{"line":35,"column":74}},"locations":[{"start":{"line":32,"column":15},"end":{"line":35,"column":74}}]},"10":{"type":"branch","line":36,"loc":{"start":{"line":36,"column":14},"end":{"line":36,"column":100}},"locations":[{"start":{"line":36,"column":14},"end":{"line":36,"column":100}}]},"11":{"type":"branch","line":37,"loc":{"start":{"line":37,"column":15},"end":{"line":37,"column":68}},"locations":[{"start":{"line":37,"column":15},"end":{"line":37,"column":68}}]},"12":{"type":"branch","line":40,"loc":{"start":{"line":40,"column":36},"end":{"line":45,"column":5}},"locations":[{"start":{"line":40,"column":36},"end":{"line":45,"column":5}}]},"13":{"type":"branch","line":43,"loc":{"start":{"line":43,"column":42},"end":{"line":43,"column":64}},"locations":[{"start":{"line":43,"column":42},"end":{"line":43,"column":64}}]}},"b":{"0":[60],"1":[96],"2":[68],"3":[28],"4":[36],"5":[4],"6":[20],"7":[20],"8":[8],"9":[16],"10":[16],"11":[12],"12":[72],"13":[12]},"fnMap":{"0":{"name":"stringify","decl":{"start":{"line":4,"column":18},"end":{"line":21,"column":2}},"loc":{"start":{"line":4,"column":18},"end":{"line":21,"column":2}},"line":4},"1":{"name":"generateIndentedString","decl":{"start":{"line":5,"column":33},"end":{"line":18,"column":3}},"loc":{"start":{"line":5,"column":33},"end":{"line":18,"column":3}},"line":5},"2":{"name":"stylish","decl":{"start":{"line":23,"column":17},"end":{"line":51,"column":2}},"loc":{"start":{"line":23,"column":17},"end":{"line":51,"column":2}},"line":23},"3":{"name":"generateStylishOutput","decl":{"start":{"line":24,"column":32},"end":{"line":48,"column":3}},"loc":{"start":{"line":24,"column":32},"end":{"line":48,"column":3}},"line":24},"4":{"name":"add","decl":{"start":{"line":30,"column":11},"end":{"line":30,"column":85}},"loc":{"start":{"line":30,"column":11},"end":{"line":30,"column":85}},"line":30},"5":{"name":"del","decl":{"start":{"line":31,"column":11},"end":{"line":31,"column":85}},"loc":{"start":{"line":31,"column":11},"end":{"line":31,"column":85}},"line":31},"6":{"name":"changed","decl":{"start":{"line":32,"column":15},"end":{"line":35,"column":74}},"loc":{"start":{"line":32,"column":15},"end":{"line":35,"column":74}},"line":32},"7":{"name":"nested","decl":{"start":{"line":36,"column":14},"end":{"line":36,"column":100}},"loc":{"start":{"line":36,"column":14},"end":{"line":36,"column":100}},"line":36},"8":{"name":"default","decl":{"start":{"line":37,"column":15},"end":{"line":37,"column":68}},"loc":{"start":{"line":37,"column":15},"end":{"line":37,"column":68}},"line":37}},"f":{"0":60,"1":96,"2":4,"3":20,"4":20,"5":8,"6":16,"7":16,"8":12}}
}
