TN:
SF:src\index.js
FN:7,genDiff
FNF:1
FNH:1
FNDA:10,genDiff
DA:1,1
DA:2,1
DA:3,1
DA:4,1
DA:5,1
DA:6,1
DA:7,1
DA:8,10
DA:9,10
DA:10,10
DA:11,10
DA:12,10
DA:13,10
DA:14,10
DA:15,10
DA:16,1
DA:17,1
LF:17
LH:17
BRDA:7,0,0,10
BRF:1
BRH:1
end_of_record
TN:
SF:src\assets\constants.js
FNF:0
FNH:0
DA:1,1
DA:2,1
LF:2
LH:2
BRF:0
BRH:0
end_of_record
TN:
SF:src\assets\createTree.js
FN:3,createTree
FNF:1
FNH:1
FNDA:45,createTree
DA:1,1
DA:2,1
DA:3,1
DA:4,45
DA:5,45
DA:6,45
DA:7,162
DA:8,162
DA:9,162
DA:10,162
DA:11,162
DA:12,162
DA:13,72
DA:14,36
DA:15,36
DA:16,36
DA:17,36
DA:18,36
DA:19,36
DA:20,36
DA:21,36
DA:22,36
DA:23,27
DA:24,45
DA:25,45
DA:26,45
DA:27,45
DA:28,1
DA:29,1
LF:29
LH:29
BRDA:3,0,0,45
BRDA:6,1,0,162
BRDA:10,2,0,45
BRDA:10,3,0,117
BRDA:11,4,0,18
BRDA:11,5,0,99
BRDA:12,6,0,72
BRDA:13,7,0,45
BRDA:13,8,0,45
BRDA:13,9,0,36
BRDA:13,10,0,36
BRDA:22,11,0,27
BRF:12
BRH:12
end_of_record
TN:
SF:src\assets\parsers.js
FN:9,parsers
FNF:1
FNH:1
FNDA:19,parsers
DA:1,1
DA:2,1
DA:3,1
DA:4,1
DA:5,1
DA:6,1
DA:7,1
DA:8,1
DA:9,1
DA:10,19
DA:11,19
DA:12,1
DA:13,1
DA:14,18
DA:15,18
DA:16,1
DA:17,1
LF:17
LH:17
BRDA:9,0,0,19
BRDA:11,1,0,1
BRDA:13,2,0,18
BRF:3
BRH:3
end_of_record
TN:
SF:src\formatters\index.js.js
FN:5,formatter
FNF:1
FNH:1
FNDA:9,formatter
DA:1,1
DA:2,1
DA:3,1
DA:4,1
DA:5,1
DA:6,9
DA:7,9
DA:8,4
DA:9,9
DA:10,2
DA:11,9
DA:12,2
DA:13,9
DA:14,1
DA:15,9
DA:16,9
DA:17,1
DA:18,1
LF:18
LH:18
BRDA:5,0,0,9
BRDA:7,1,0,4
BRDA:9,2,0,2
BRDA:11,3,0,2
BRDA:13,4,0,1
BRF:5
BRH:5
end_of_record
TN:
SF:src\formatters\json.js
FN:1,json
FNF:1
FNH:1
FNDA:2,json
DA:1,1
DA:2,1
DA:3,1
LF:3
LH:3
BRDA:1,0,0,2
BRF:1
BRH:1
end_of_record
TN:
SF:src\formatters\plain.js
FN:3,toString
FN:10,formatProperty
FN:12,plain
FN:19,nested
FN:20,del
FN:21,add
FN:22,changed
FNF:7
FNH:7
FNDA:26,toString
FNDA:22,formatProperty
FNDA:10,plain
FNDA:8,nested
FNDA:4,del
FNDA:10,add
FNDA:8,changed
DA:1,1
DA:2,1
DA:3,1
DA:4,26
DA:5,6
DA:6,6
DA:7,26
DA:8,26
DA:9,1
DA:10,1
DA:11,1
DA:12,1
DA:13,10
DA:14,36
DA:15,36
DA:16,36
DA:17,36
DA:18,36
DA:19,36
DA:20,36
DA:21,36
DA:22,36
DA:23,8
DA:24,8
DA:25,36
DA:26,36
DA:27,36
DA:28,10
DA:29,10
DA:30,10
DA:31,10
DA:32,1
DA:33,1
LF:33
LH:33
BRDA:3,0,0,26
BRDA:4,1,0,6
BRDA:6,2,0,20
BRDA:7,3,0,14
BRDA:7,4,0,6
BRDA:10,5,0,22
BRDA:12,6,0,10
BRDA:13,7,0,36
BRDA:16,8,0,28
BRDA:16,9,0,8
BRDA:27,10,0,30
BRDA:19,11,0,8
BRDA:20,12,0,4
BRDA:21,13,0,10
BRDA:22,14,0,8
BRF:15
BRH:15
end_of_record
TN:
SF:src\formatters\stylish.js
FN:4,stringify
FN:5,generateIndentedString
FN:23,stylish
FN:24,generateStylishOutput
FN:30,add
FN:31,del
FN:32,changed
FN:36,nested
FN:37,default
FNF:9
FNH:9
FNDA:60,stringify
FNDA:96,generateIndentedString
FNDA:4,stylish
FNDA:20,generateStylishOutput
FNDA:20,add
FNDA:8,del
FNDA:16,changed
FNDA:16,nested
FNDA:12,default
DA:1,1
DA:2,1
DA:3,1
DA:4,1
DA:5,60
DA:6,96
DA:7,68
DA:8,68
DA:9,28
DA:10,28
DA:11,28
DA:12,28
DA:13,28
DA:14,28
DA:15,28
DA:16,28
DA:17,28
DA:18,60
DA:19,60
DA:20,60
DA:21,60
DA:22,1
DA:23,1
DA:24,4
DA:25,20
DA:26,20
DA:27,20
DA:28,20
DA:29,20
DA:30,20
DA:31,20
DA:32,20
DA:33,16
DA:34,16
DA:35,20
DA:36,20
DA:37,20
DA:38,20
DA:39,20
DA:40,20
DA:41,72
DA:42,72
DA:43,72
DA:44,72
DA:45,20
DA:46,20
DA:47,20
DA:48,4
DA:49,4
DA:50,4
DA:51,4
DA:52,1
DA:53,1
LF:53
LH:53
BRDA:4,0,0,60
BRDA:5,1,0,96
BRDA:6,2,0,68
BRDA:8,3,0,28
BRDA:15,4,0,36
BRDA:23,5,0,4
BRDA:24,6,0,20
BRDA:30,7,0,20
BRDA:31,8,0,8
BRDA:32,9,0,16
BRDA:36,10,0,16
BRDA:37,11,0,12
BRDA:40,12,0,72
BRDA:43,13,0,12
BRF:14
BRH:14
end_of_record
